mktextfm phvr8t
mktextfm phvr8t
mktextfm phvr8t
mktextfm phvb8t
mktextfm phvb8t
mktextfm phvb8t
mktextfm phvr8t
mktextfm phvb8t
mktextfm phvr8t
mktextfm phvb8t
mktextfm phvr8t
mktextfm phvb8t
mktextfm phvr8c
mktextfm phvr8t
mktextfm phvr8t
mktextfm phvr8t
mktextfm phvb8t
mktextfm phvb8t
mktextfm phvb8t
mktextfm phvr8t
mktextfm phvb8t
mktextfm phvr8t
mktextfm phvb8t
mktextfm phvr8t
mktextfm phvb8t
mktextfm phvr8c
mktextfm pagk8t
mktextfm pagk8t
mktextfm pagk8t
mktextfm pagd8t
mktextfm nullfont
mktextfm pagd8t
mktextfm nullfont
mktextfm pagd8t
mktextfm nullfont
mktextfm pagk8t
mktextfm pagd8t
mktextfm nullfont
mktextfm pagk8t
mktextfm pagd8t
mktextfm nullfont
mktextfm pagk8t
mktextfm pagd8t
mktextfm nullfont
mktextfm pagk8c
mktextfm pagk8t
mktextfm pagk8t
mktextfm pagk8t
mktextfm pagd8t
mktextfm nullfont
mktextfm pagd8t
mktextfm nullfont
mktextfm pagd8t
mktextfm nullfont
mktextfm pagk8t
mktextfm pagd8t
mktextfm nullfont
mktextfm pagk8t
mktextfm pagd8t
mktextfm nullfont
mktextfm pagk8t
mktextfm pagd8t
mktextfm nullfont
mktextfm pagk8c
mktextfm phvr8t
mktextfm phvr8t
mktextfm phvr8t
mktextfm phvb8t
mktextfm phvb8t
mktextfm phvb8t
mktextfm phvr8t
mktextfm phvb8t
mktextfm phvr8t
mktextfm phvb8t
mktextfm phvr8t
mktextfm phvb8t
mktextfm phvr8c
mktextfm phvr8t
mktextfm phvr8t
mktextfm phvr8t
mktextfm phvb8t
mktextfm phvb8t
mktextfm phvb8t
mktextfm phvr8t
mktextfm phvb8t
mktextfm phvr8t
mktextfm phvb8t
mktextfm phvr8t
mktextfm phvb8t
mktextfm phvr8c
mktextfm phvr8t
mktextfm phvr8t
mktextfm phvr8t
mktextfm phvb8t
mktextfm phvb8t
mktextfm phvb8t
mktextfm phvr8t
mktextfm phvb8t
mktextfm phvr8t
mktextfm phvb8t
mktextfm phvr8t
mktextfm phvb8t
mktextfm phvr8c
mktextfm phvr8t
mktextfm phvr8t
mktextfm phvr8t
mktextfm phvb8t
mktextfm phvb8t
mktextfm phvb8t
mktextfm phvr8t
mktextfm phvb8t
mktextfm phvr8t
mktextfm phvb8t
mktextfm phvr8t
mktextfm phvb8t
mktextfm phvr8c
mktextfm phvr8t
mktextfm phvr8t
mktextfm phvr8t
mktextfm phvb8t
mktextfm phvb8t
mktextfm phvb8t
mktextfm phvr8t
mktextfm phvb8t
mktextfm phvr8t
mktextfm phvb8t
mktextfm phvr8t
mktextfm phvb8t
mktextfm phvr8c
mktextfm phvr8t
mktextfm phvr8t
mktextfm phvr8t
mktextfm phvb8t
mktextfm phvb8t
mktextfm phvb8t
mktextfm phvr8t
mktextfm phvb8t
mktextfm phvr8t
mktextfm phvb8t
mktextfm phvr8t
mktextfm phvb8t
mktextfm phvr8c
